 
Ansys Electronics Desktop Version 2021.2.0, Build: 2021-06-02 22:21:55
Location: C:\Program Files\AnsysEM\AnsysEM21.2\Win64\ansysedt.exe
Batch Extract Script: C:/Users/giannetti/Documents/HFSS-MATLAB_interface/Dev4/ExportToFile_S11.py
Starting Batch Run: 12:10:06  ott 15, 2022
Running as user: HP-PRODESK\giannetti
Temp directory: C:\Users\giannetti\AppData\Local\Temp
Project directory: C:\Users\giannetti\Documents\Ansoft
Stopping Batch Run: 12:10:12  ott 15, 2022
 
Ansys Electronics Desktop Version 2021.2.0, Build: 2021-06-02 22:21:55
Location: C:\Program Files\AnsysEM\AnsysEM21.2\Win64\ansysedt.exe
Batch Extract Script: C:/Users/giannetti/Documents/HFSS-MATLAB_interface/Dev4/ExportToFile_S11.py
Starting Batch Run: 12:10:59  ott 15, 2022
Running as user: HP-PRODESK\giannetti
Temp directory: C:\Users\giannetti\AppData\Local\Temp
Project directory: C:\Users\giannetti\Documents\Ansoft
Stopping Batch Run: 12:11:05  ott 15, 2022
 
Ansys Electronics Desktop Version 2021.2.0, Build: 2021-06-02 22:21:55
Location: C:\Program Files\AnsysEM\AnsysEM21.2\Win64\ansysedt.exe
Batch Extract Script: C:/Users/giannetti/Documents/HFSS-MATLAB_interface/Dev4/ExportToFile_S11.py
Starting Batch Run: 12:11:46  ott 15, 2022
Running as user: HP-PRODESK\giannetti
Temp directory: C:\Users\giannetti\AppData\Local\Temp
Project directory: C:\Users\giannetti\Documents\Ansoft
Stopping Batch Run: 12:11:53  ott 15, 2022
 
Ansys Electronics Desktop Version 2021.2.0, Build: 2021-06-02 22:21:55
Location: C:\Program Files\AnsysEM\AnsysEM21.2\Win64\ansysedt.exe
Batch Extract Script: C:/Users/giannetti/Documents/HFSS-MATLAB_interface/Dev4/ExportToFile_S11.py
Starting Batch Run: 12:15:23  ott 15, 2022
Running as user: HP-PRODESK\giannetti
Temp directory: C:\Users\giannetti\AppData\Local\Temp
Project directory: C:\Users\giannetti\Documents\Ansoft
Stopping Batch Run: 12:15:29  ott 15, 2022
 
Ansys Electronics Desktop Version 2021.2.0, Build: 2021-06-02 22:21:55
Location: C:\Program Files\AnsysEM\AnsysEM21.2\Win64\ansysedt.exe
Batch Extract Script: C:/Users/giannetti/Documents/HFSS-MATLAB_interface/Dev4/ExportToFile_S11.py
Starting Batch Run: 12:16:08  ott 15, 2022
Running as user: HP-PRODESK\giannetti
Temp directory: C:\Users\giannetti\AppData\Local\Temp
Project directory: C:\Users\giannetti\Documents\Ansoft
Stopping Batch Run: 12:16:14  ott 15, 2022
 
Ansys Electronics Desktop Version 2021.2.0, Build: 2021-06-02 22:21:55
Location: C:\Program Files\AnsysEM\AnsysEM21.2\Win64\ansysedt.exe
Batch Extract Script: C:/Users/giannetti/Documents/HFSS-MATLAB_interface/Dev4/ExportToFile_S11.py
Starting Batch Run: 12:16:56  ott 15, 2022
Running as user: HP-PRODESK\giannetti
Temp directory: C:\Users\giannetti\AppData\Local\Temp
Project directory: C:\Users\giannetti\Documents\Ansoft
Stopping Batch Run: 12:17:01  ott 15, 2022
